main-app.js?v=1753353787489:1137 Download the React DevTools for a better development experience: https://react.dev/link/react-devtools
SessionProvider.tsx:12  GET http://localhost:3000/api/auth/session 429 (Too Many Requests)
fetchData @ client.js:44
getSession @ react.js:123
SessionProvider.useEffect @ react.js:289
SessionProvider.useEffect @ react.js:317
react_stack_bottom_frame @ react-dom-client.development.js:23638
runWithFiberInDEV @ react-dom-client.development.js:873
commitHookEffectListMount @ react-dom-client.development.js:12296
commitHookPassiveMountEffects @ react-dom-client.development.js:12417
commitPassiveMountOnFiber @ react-dom-client.development.js:14338
recursivelyTraversePassiveMountEffects @ react-dom-client.development.js:14311
commitPassiveMountOnFiber @ react-dom-client.development.js:14331
recursivelyTraversePassiveMountEffects @ react-dom-client.development.js:14311
commitPassiveMountOnFiber @ react-dom-client.development.js:14465
recursivelyTraversePassiveMountEffects @ react-dom-client.development.js:14311
commitPassiveMountOnFiber @ react-dom-client.development.js:14465
recursivelyTraversePassiveMountEffects @ react-dom-client.development.js:14311
commitPassiveMountOnFiber @ react-dom-client.development.js:14465
recursivelyTraversePassiveMountEffects @ react-dom-client.development.js:14311
commitPassiveMountOnFiber @ react-dom-client.development.js:14341
recursivelyTraversePassiveMountEffects @ react-dom-client.development.js:14311
commitPassiveMountOnFiber @ react-dom-client.development.js:14331
recursivelyTraversePassiveMountEffects @ react-dom-client.development.js:14311
commitPassiveMountOnFiber @ react-dom-client.development.js:14341
recursivelyTraversePassiveMountEffects @ react-dom-client.development.js:14311
commitPassiveMountOnFiber @ react-dom-client.development.js:14331
recursivelyTraversePassiveMountEffects @ react-dom-client.development.js:14311
commitPassiveMountOnFiber @ react-dom-client.development.js:14331
recursivelyTraversePassiveMountEffects @ react-dom-client.development.js:14311
commitPassiveMountOnFiber @ react-dom-client.development.js:14341
recursivelyTraversePassiveMountEffects @ react-dom-client.development.js:14311
commitPassiveMountOnFiber @ react-dom-client.development.js:14331
recursivelyTraversePassiveMountEffects @ react-dom-client.development.js:14311
commitPassiveMountOnFiber @ react-dom-client.development.js:14465
recursivelyTraversePassiveMountEffects @ react-dom-client.development.js:14311
commitPassiveMountOnFiber @ react-dom-client.development.js:14465
recursivelyTraversePassiveMountEffects @ react-dom-client.development.js:14311
commitPassiveMountOnFiber @ react-dom-client.development.js:14465
recursivelyTraversePassiveMountEffects @ react-dom-client.development.js:14311
commitPassiveMountOnFiber @ react-dom-client.development.js:14465
recursivelyTraversePassiveMountEffects @ react-dom-client.development.js:14311
commitPassiveMountOnFiber @ react-dom-client.development.js:14465
recursivelyTraversePassiveMountEffects @ react-dom-client.development.js:14311
commitPassiveMountOnFiber @ react-dom-client.development.js:14465
recursivelyTraversePassiveMountEffects @ react-dom-client.development.js:14311
commitPassiveMountOnFiber @ react-dom-client.development.js:14331
recursivelyTraversePassiveMountEffects @ react-dom-client.development.js:14311
commitPassiveMountOnFiber @ react-dom-client.development.js:14341
recursivelyTraversePassiveMountEffects @ react-dom-client.development.js:14311
commitPassiveMountOnFiber @ react-dom-client.development.js:14331
recursivelyTraversePassiveMountEffects @ react-dom-client.development.js:14311
commitPassiveMountOnFiber @ react-dom-client.development.js:14331
recursivelyTraversePassiveMountEffects @ react-dom-client.development.js:14311
commitPassiveMountOnFiber @ react-dom-client.development.js:14465
recursivelyTraversePassiveMountEffects @ react-dom-client.development.js:14311
commitPassiveMountOnFiber @ react-dom-client.development.js:14331
recursivelyTraversePassiveMountEffects @ react-dom-client.development.js:14311
commitPassiveMountOnFiber @ react-dom-client.development.js:14331
recursivelyTraversePassiveMountEffects @ react-dom-client.development.js:14311
commitPassiveMountOnFiber @ react-dom-client.development.js:14465
recursivelyTraversePassiveMountEffects @ react-dom-client.development.js:14311
commitPassiveMountOnFiber @ react-dom-client.development.js:14465
recursivelyTraversePassiveMountEffects @ react-dom-client.development.js:14311
commitPassiveMountOnFiber @ react-dom-client.development.js:14350
flushPassiveEffects @ react-dom-client.development.js:16289
eval @ react-dom-client.development.js:15925
performWorkUntilDeadline @ scheduler.development.js:45
<SessionProvider>
exports.jsxDEV @ react-jsx-dev-runtime.development.js:345
SessionProvider @ SessionProvider.tsx:12
react_stack_bottom_frame @ react-dom-client.development.js:23553
renderWithHooksAgain @ react-dom-client.development.js:6864
renderWithHooks @ react-dom-client.development.js:6776
updateFunctionComponent @ react-dom-client.development.js:9070
beginWork @ react-dom-client.development.js:10629
runWithFiberInDEV @ react-dom-client.development.js:873
performUnitOfWork @ react-dom-client.development.js:15678
workLoopConcurrentByScheduler @ react-dom-client.development.js:15672
renderRootConcurrent @ react-dom-client.development.js:15647
performWorkOnRoot @ react-dom-client.development.js:14941
performWorkOnRootViaSchedulerTask @ react-dom-client.development.js:16767
performWorkUntilDeadline @ scheduler.development.js:45
"use client"
RootLayout @ layout.tsx:21
initializeElement @ react-server-dom-webpack-client.browser.development.js:1207
eval @ react-server-dom-webpack-client.browser.development.js:2830
initializeModelChunk @ react-server-dom-webpack-client.browser.development.js:1109
getOutlinedModel @ react-server-dom-webpack-client.browser.development.js:1485
parseModelString @ react-server-dom-webpack-client.browser.development.js:1822
eval @ react-server-dom-webpack-client.browser.development.js:2760
initializeModelChunk @ react-server-dom-webpack-client.browser.development.js:1109
resolveModelChunk @ react-server-dom-webpack-client.browser.development.js:1084
resolveModel @ react-server-dom-webpack-client.browser.development.js:1907
processFullStringRow @ react-server-dom-webpack-client.browser.development.js:2664
processFullBinaryRow @ react-server-dom-webpack-client.browser.development.js:2606
processBinaryChunk @ react-server-dom-webpack-client.browser.development.js:2733
progress @ react-server-dom-webpack-client.browser.development.js:2997
<RootLayout>
initializeFakeTask @ react-server-dom-webpack-client.browser.development.js:2408
resolveDebugInfo @ react-server-dom-webpack-client.browser.development.js:2433
processFullStringRow @ react-server-dom-webpack-client.browser.development.js:2634
processFullBinaryRow @ react-server-dom-webpack-client.browser.development.js:2606
processBinaryChunk @ react-server-dom-webpack-client.browser.development.js:2733
progress @ react-server-dom-webpack-client.browser.development.js:2997
"use server"
ResponseInstance @ react-server-dom-webpack-client.browser.development.js:1870
createResponseFromOptions @ react-server-dom-webpack-client.browser.development.js:2858
exports.createFromReadableStream @ react-server-dom-webpack-client.browser.development.js:3228
eval @ app-index.js:131
(app-pages-browser)/./node_modules/next/dist/client/app-index.js @ main-app.js?v=1753353787489:160
options.factory @ webpack.js:1
__webpack_require__ @ webpack.js:1
fn @ webpack.js:1
eval @ app-next-dev.js:14
eval @ app-bootstrap.js:62
loadScriptsInSequence @ app-bootstrap.js:23
appBootstrap @ app-bootstrap.js:56
eval @ app-next-dev.js:13
(app-pages-browser)/./node_modules/next/dist/client/app-next-dev.js @ main-app.js?v=1753353787489:182
options.factory @ webpack.js:1
__webpack_require__ @ webpack.js:1
__webpack_exec__ @ main-app.js?v=1753353787489:1801
（匿名） @ main-app.js?v=1753353787489:1802
webpackJsonpCallback @ webpack.js:1
（匿名） @ main-app.js?v=1753353787489:9
SessionProvider.tsx:12 ClientFetchError: レート制限に達しました。しばらくしてから再度お試しください。. Read more at https://errors.authjs.dev#autherror
    at fetchData (client.js:49:22)
    at async getSession (react.js:123:21)
    at async SessionProvider.useEffect [as _getSession] (react.js:289:51)
error @ intercept-console-error.js:57
fetchData @ client.js:49
await in fetchData
getSession @ react.js:123
SessionProvider.useEffect @ react.js:289
SessionProvider.useEffect @ react.js:317
react_stack_bottom_frame @ react-dom-client.development.js:23638
runWithFiberInDEV @ react-dom-client.development.js:873
commitHookEffectListMount @ react-dom-client.development.js:12296
commitHookPassiveMountEffects @ react-dom-client.development.js:12417
commitPassiveMountOnFiber @ react-dom-client.development.js:14338
recursivelyTraversePassiveMountEffects @ react-dom-client.development.js:14311
commitPassiveMountOnFiber @ react-dom-client.development.js:14331
recursivelyTraversePassiveMountEffects @ react-dom-client.development.js:14311
commitPassiveMountOnFiber @ react-dom-client.development.js:14465
recursivelyTraversePassiveMountEffects @ react-dom-client.development.js:14311
commitPassiveMountOnFiber @ react-dom-client.development.js:14465
recursivelyTraversePassiveMountEffects @ react-dom-client.development.js:14311
commitPassiveMountOnFiber @ react-dom-client.development.js:14465
recursivelyTraversePassiveMountEffects @ react-dom-client.development.js:14311
commitPassiveMountOnFiber @ react-dom-client.development.js:14341
recursivelyTraversePassiveMountEffects @ react-dom-client.development.js:14311
commitPassiveMountOnFiber @ react-dom-client.development.js:14331
recursivelyTraversePassiveMountEffects @ react-dom-client.development.js:14311
commitPassiveMountOnFiber @ react-dom-client.development.js:14341
recursivelyTraversePassiveMountEffects @ react-dom-client.development.js:14311
commitPassiveMountOnFiber @ react-dom-client.development.js:14331
recursivelyTraversePassiveMountEffects @ react-dom-client.development.js:14311
commitPassiveMountOnFiber @ react-dom-client.development.js:14331
recursivelyTraversePassiveMountEffects @ react-dom-client.development.js:14311
commitPassiveMountOnFiber @ react-dom-client.development.js:14341
recursivelyTraversePassiveMountEffects @ react-dom-client.development.js:14311
commitPassiveMountOnFiber @ react-dom-client.development.js:14331
recursivelyTraversePassiveMountEffects @ react-dom-client.development.js:14311
commitPassiveMountOnFiber @ react-dom-client.development.js:14465
recursivelyTraversePassiveMountEffects @ react-dom-client.development.js:14311
commitPassiveMountOnFiber @ react-dom-client.development.js:14465
recursivelyTraversePassiveMountEffects @ react-dom-client.development.js:14311
commitPassiveMountOnFiber @ react-dom-client.development.js:14465
recursivelyTraversePassiveMountEffects @ react-dom-client.development.js:14311
commitPassiveMountOnFiber @ react-dom-client.development.js:14465
recursivelyTraversePassiveMountEffects @ react-dom-client.development.js:14311
commitPassiveMountOnFiber @ react-dom-client.development.js:14465
recursivelyTraversePassiveMountEffects @ react-dom-client.development.js:14311
commitPassiveMountOnFiber @ react-dom-client.development.js:14465
recursivelyTraversePassiveMountEffects @ react-dom-client.development.js:14311
commitPassiveMountOnFiber @ react-dom-client.development.js:14331
recursivelyTraversePassiveMountEffects @ react-dom-client.development.js:14311
commitPassiveMountOnFiber @ react-dom-client.development.js:14341
recursivelyTraversePassiveMountEffects @ react-dom-client.development.js:14311
commitPassiveMountOnFiber @ react-dom-client.development.js:14331
recursivelyTraversePassiveMountEffects @ react-dom-client.development.js:14311
commitPassiveMountOnFiber @ react-dom-client.development.js:14331
recursivelyTraversePassiveMountEffects @ react-dom-client.development.js:14311
commitPassiveMountOnFiber @ react-dom-client.development.js:14465
recursivelyTraversePassiveMountEffects @ react-dom-client.development.js:14311
commitPassiveMountOnFiber @ react-dom-client.development.js:14331
recursivelyTraversePassiveMountEffects @ react-dom-client.development.js:14311
commitPassiveMountOnFiber @ react-dom-client.development.js:14331
recursivelyTraversePassiveMountEffects @ react-dom-client.development.js:14311
commitPassiveMountOnFiber @ react-dom-client.development.js:14465
recursivelyTraversePassiveMountEffects @ react-dom-client.development.js:14311
commitPassiveMountOnFiber @ react-dom-client.development.js:14465
recursivelyTraversePassiveMountEffects @ react-dom-client.development.js:14311
commitPassiveMountOnFiber @ react-dom-client.development.js:14350
flushPassiveEffects @ react-dom-client.development.js:16289
eval @ react-dom-client.development.js:15925
performWorkUntilDeadline @ scheduler.development.js:45
<SessionProvider>
exports.jsxDEV @ react-jsx-dev-runtime.development.js:345
SessionProvider @ SessionProvider.tsx:12
react_stack_bottom_frame @ react-dom-client.development.js:23553
renderWithHooksAgain @ react-dom-client.development.js:6864
renderWithHooks @ react-dom-client.development.js:6776
updateFunctionComponent @ react-dom-client.development.js:9070
beginWork @ react-dom-client.development.js:10629
runWithFiberInDEV @ react-dom-client.development.js:873
performUnitOfWork @ react-dom-client.development.js:15678
workLoopConcurrentByScheduler @ react-dom-client.development.js:15672
renderRootConcurrent @ react-dom-client.development.js:15647
performWorkOnRoot @ react-dom-client.development.js:14941
performWorkOnRootViaSchedulerTask @ react-dom-client.development.js:16767
performWorkUntilDeadline @ scheduler.development.js:45
"use client"
RootLayout @ layout.tsx:21
initializeElement @ react-server-dom-webpack-client.browser.development.js:1207
eval @ react-server-dom-webpack-client.browser.development.js:2830
initializeModelChunk @ react-server-dom-webpack-client.browser.development.js:1109
getOutlinedModel @ react-server-dom-webpack-client.browser.development.js:1485
parseModelString @ react-server-dom-webpack-client.browser.development.js:1822
eval @ react-server-dom-webpack-client.browser.development.js:2760
initializeModelChunk @ react-server-dom-webpack-client.browser.development.js:1109
resolveModelChunk @ react-server-dom-webpack-client.browser.development.js:1084
resolveModel @ react-server-dom-webpack-client.browser.development.js:1907
processFullStringRow @ react-server-dom-webpack-client.browser.development.js:2664
processFullBinaryRow @ react-server-dom-webpack-client.browser.development.js:2606
processBinaryChunk @ react-server-dom-webpack-client.browser.development.js:2733
progress @ react-server-dom-webpack-client.browser.development.js:2997
<RootLayout>
initializeFakeTask @ react-server-dom-webpack-client.browser.development.js:2408
resolveDebugInfo @ react-server-dom-webpack-client.browser.development.js:2433
processFullStringRow @ react-server-dom-webpack-client.browser.development.js:2634
processFullBinaryRow @ react-server-dom-webpack-client.browser.development.js:2606
processBinaryChunk @ react-server-dom-webpack-client.browser.development.js:2733
progress @ react-server-dom-webpack-client.browser.development.js:2997
"use server"
ResponseInstance @ react-server-dom-webpack-client.browser.development.js:1870
createResponseFromOptions @ react-server-dom-webpack-client.browser.development.js:2858
exports.createFromReadableStream @ react-server-dom-webpack-client.browser.development.js:3228
eval @ app-index.js:131
(app-pages-browser)/./node_modules/next/dist/client/app-index.js @ main-app.js?v=1753353787489:160
options.factory @ webpack.js:1
__webpack_require__ @ webpack.js:1
fn @ webpack.js:1
eval @ app-next-dev.js:14
eval @ app-bootstrap.js:62
loadScriptsInSequence @ app-bootstrap.js:23
appBootstrap @ app-bootstrap.js:56
eval @ app-next-dev.js:13
(app-pages-browser)/./node_modules/next/dist/client/app-next-dev.js @ main-app.js?v=1753353787489:182
options.factory @ webpack.js:1
__webpack_require__ @ webpack.js:1
__webpack_exec__ @ main-app.js?v=1753353787489:1801
（匿名） @ main-app.js?v=1753353787489:1802
webpackJsonpCallback @ webpack.js:1
（匿名） @ main-app.js?v=1753353787489:9
client.js:44  GET http://localhost:3000/api/auth/session 429 (Too Many Requests)
fetchData @ client.js:44
getSession @ react.js:123
SessionProvider.useEffect @ react.js:289
SessionProvider.useEffect.handle @ react.js:332
intercept-console-error.js:57 ClientFetchError: レート制限に達しました。しばらくしてから再度お試しください。. Read more at https://errors.authjs.dev#autherror
    at fetchData (client.js:49:22)
    at async getSession (react.js:123:21)
    at async SessionProvider.useEffect [as _getSession] (react.js:289:51)
error @ intercept-console-error.js:57
fetchData @ client.js:49
await in fetchData
getSession @ react.js:123
SessionProvider.useEffect @ react.js:289
SessionProvider.useEffect.handle @ react.js:332
